<?xml version="1.0" encoding="UTF-8"?>
<!-- Generated by org.testng.reporters.JUnitReportReporter -->
<testsuite hostname="Admin" name="MoneyControlRunner.Runner" tests="1" failures="0" timestamp="2 Jan 2019 16:45:37 GMT" time="65.739" errors="0">
  <testcase name="feature" time="65.739" classname="MoneyControlRunner.Runner"/>
</testsuite> <!-- MoneyControlRunner.Runner -->
